[WARN] The "pnpm" field in package.json is no longer read by pnpm. The following keys were ignored: "pnpm.onlyBuiltDependencies". See https://pnpm.io/settings for the new home of each setting.
$ tsc -b && vite build
[36mvite v6.4.2 [32mbuilding for production...[36m[39m
transforming...
[32m✓[39m 2936 modules transformed.
rendering chunks...
computing gzip size...
[2mdist/[22m[32mindex.html                          [39m[1m[2m    1.23 kB[22m[1m[22m[2m │ gzip:   0.57 kB[22m
[2mdist/[22m[35massets/index-DQP6sdJr.css           [39m[1m[2m   16.08 kB[22m[1m[22m[2m │ gzip:   3.82 kB[22m
[2mdist/[22m[36massets/index-apQTXpfJ.js            [39m[1m[2m    0.13 kB[22m[1m[22m[2m │ gzip:   0.14 kB[22m
[2mdist/[22m[36massets/index-NsrznfmA.js            [39m[1m[2m    1.44 kB[22m[1m[22m[2m │ gzip:   0.49 kB[22m
[2mdist/[22m[36massets/core-Cn4yfEqx.js             [39m[1m[2m    1.61 kB[22m[1m[22m[2m │ gzip:   0.71 kB[22m
[2mdist/[22m[36massets/index-DvLRj1zR.js            [39m[1m[2m    7.45 kB[22m[1m[22m[2m │ gzip:   1.98 kB[22m
[2mdist/[22m[36massets/webviewWindow-o6KiLSin.js    [39m[1m[2m   19.01 kB[22m[1m[22m[2m │ gzip:   4.14 kB[22m
[2mdist/[22m[36massets/purify.es-BSKMTLSQ.js        [39m[1m[2m   26.41 kB[22m[1m[22m[2m │ gzip:   9.94 kB[22m
[2mdist/[22m[36massets/index.es-eQPBvucH.js         [39m[1m[2m  159.60 kB[22m[1m[22m[2m │ gzip:  53.52 kB[22m
[2mdist/[22m[36massets/html2canvas.esm-QH1iLAAe.js  [39m[1m[2m  202.38 kB[22m[1m[22m[2m │ gzip:  48.04 kB[22m
[2mdist/[22m[36massets/index-Dx4CVx6A.js            [39m[1m[33m1,324.97 kB[39m[22m[2m │ gzip: 402.83 kB[22m
[33m
(!) Some chunks are larger than 500 kB after minification. Consider:
- Using dynamic import() to code-split the application
- Use build.rollupOptions.output.manualChunks to improve chunking: https://rollupjs.org/configuration-options/#output-manualchunks
- Adjust chunk size limit for this warning via build.chunkSizeWarningLimit.[39m
[32m✓ built in 15.26s[39m
